have_struct_member: checking for struct stat.st_birthtimespec in sys/stat.h... -------------------- yes

"clang -o conftest -I/Users/shuhei/.rbenv/versions/2.3.1/include/ruby-2.3.0/x86_64-darwin15 -I/Users/shuhei/.rbenv/versions/2.3.1/include/ruby-2.3.0/ruby/backward -I/Users/shuhei/.rbenv/versions/2.3.1/include/ruby-2.3.0 -I. -I/Users/shuhei/.rbenv/versions/2.3.1/include  -D_XOPEN_SOURCE -D_DARWIN_C_SOURCE -D_DARWIN_UNLIMITED_SELECT -D_REENTRANT    -O3 -Wno-error=shorten-64-to-32  -pipe conftest.c  -L. -L/Users/shuhei/.rbenv/versions/2.3.1/lib -L. -L/Users/shuhei/.rbenv/versions/2.3.1/lib  -fstack-protector     -lruby-static -framework CoreFoundation  -lpthread -ldl -lobjc "
checked program was:
/* begin */
1: #include "ruby.h"
2: 
3: int main(int argc, char **argv)
4: {
5:   return 0;
6: }
/* end */

"clang -I/Users/shuhei/.rbenv/versions/2.3.1/include/ruby-2.3.0/x86_64-darwin15 -I/Users/shuhei/.rbenv/versions/2.3.1/include/ruby-2.3.0/ruby/backward -I/Users/shuhei/.rbenv/versions/2.3.1/include/ruby-2.3.0 -I. -I/Users/shuhei/.rbenv/versions/2.3.1/include  -D_XOPEN_SOURCE -D_DARWIN_C_SOURCE -D_DARWIN_UNLIMITED_SELECT -D_REENTRANT    -O3 -Wno-error=shorten-64-to-32  -pipe   -c conftest.c"
checked program was:
/* begin */
 1: #include "ruby.h"
 2: 
 3: #include <sys/stat.h>
 4: 
 5: /*top*/
 6: int s = (char *)&((struct stat*)0)->st_birthtimespec - (char *)0;
 7: int main(int argc, char **argv)
 8: {
 9:   return 0;
10: }
/* end */

--------------------

have_struct_member: checking for struct stat.st_blksize in sys/stat.h... -------------------- yes

"clang -I/Users/shuhei/.rbenv/versions/2.3.1/include/ruby-2.3.0/x86_64-darwin15 -I/Users/shuhei/.rbenv/versions/2.3.1/include/ruby-2.3.0/ruby/backward -I/Users/shuhei/.rbenv/versions/2.3.1/include/ruby-2.3.0 -I. -I/Users/shuhei/.rbenv/versions/2.3.1/include  -D_XOPEN_SOURCE -D_DARWIN_C_SOURCE -D_DARWIN_UNLIMITED_SELECT -D_REENTRANT    -O3 -Wno-error=shorten-64-to-32  -pipe   -c conftest.c"
checked program was:
/* begin */
 1: #include "ruby.h"
 2: 
 3: #include <sys/stat.h>
 4: 
 5: /*top*/
 6: int s = (char *)&((struct stat*)0)->st_blksize - (char *)0;
 7: int main(int argc, char **argv)
 8: {
 9:   return 0;
10: }
/* end */

--------------------

have_struct_member: checking for struct stat.st_blocks in sys/stat.h... -------------------- yes

"clang -I/Users/shuhei/.rbenv/versions/2.3.1/include/ruby-2.3.0/x86_64-darwin15 -I/Users/shuhei/.rbenv/versions/2.3.1/include/ruby-2.3.0/ruby/backward -I/Users/shuhei/.rbenv/versions/2.3.1/include/ruby-2.3.0 -I. -I/Users/shuhei/.rbenv/versions/2.3.1/include  -D_XOPEN_SOURCE -D_DARWIN_C_SOURCE -D_DARWIN_UNLIMITED_SELECT -D_REENTRANT    -O3 -Wno-error=shorten-64-to-32  -pipe   -c conftest.c"
checked program was:
/* begin */
 1: #include "ruby.h"
 2: 
 3: #include <sys/stat.h>
 4: 
 5: /*top*/
 6: int s = (char *)&((struct stat*)0)->st_blocks - (char *)0;
 7: int main(int argc, char **argv)
 8: {
 9:   return 0;
10: }
/* end */

--------------------

have_func: checking for lstat() in sys/stat.h... -------------------- yes

"clang -o conftest -I/Users/shuhei/.rbenv/versions/2.3.1/include/ruby-2.3.0/x86_64-darwin15 -I/Users/shuhei/.rbenv/versions/2.3.1/include/ruby-2.3.0/ruby/backward -I/Users/shuhei/.rbenv/versions/2.3.1/include/ruby-2.3.0 -I. -I/Users/shuhei/.rbenv/versions/2.3.1/include  -D_XOPEN_SOURCE -D_DARWIN_C_SOURCE -D_DARWIN_UNLIMITED_SELECT -D_REENTRANT    -O3 -Wno-error=shorten-64-to-32  -pipe conftest.c  -L. -L/Users/shuhei/.rbenv/versions/2.3.1/lib -L. -L/Users/shuhei/.rbenv/versions/2.3.1/lib  -fstack-protector     -lruby-static -framework CoreFoundation  -lpthread -ldl -lobjc "
checked program was:
/* begin */
 1: #include "ruby.h"
 2: 
 3: #include <sys/stat.h>
 4: 
 5: /*top*/
 6: extern int t(void);
 7: int main(int argc, char **argv)
 8: {
 9:   if (argc > 1000000) {
10:     printf("%p", &t);
11:   }
12: 
13:   return 0;
14: }
15: int t(void) { void ((*volatile p)()); p = (void ((*)()))lstat; return !p; }
/* end */

--------------------

have_func: checking for getgroups() in unistd.h... -------------------- yes

"clang -o conftest -I/Users/shuhei/.rbenv/versions/2.3.1/include/ruby-2.3.0/x86_64-darwin15 -I/Users/shuhei/.rbenv/versions/2.3.1/include/ruby-2.3.0/ruby/backward -I/Users/shuhei/.rbenv/versions/2.3.1/include/ruby-2.3.0 -I. -I/Users/shuhei/.rbenv/versions/2.3.1/include  -D_XOPEN_SOURCE -D_DARWIN_C_SOURCE -D_DARWIN_UNLIMITED_SELECT -D_REENTRANT    -O3 -Wno-error=shorten-64-to-32  -pipe conftest.c  -L. -L/Users/shuhei/.rbenv/versions/2.3.1/lib -L. -L/Users/shuhei/.rbenv/versions/2.3.1/lib  -fstack-protector     -lruby-static -framework CoreFoundation  -lpthread -ldl -lobjc "
checked program was:
/* begin */
 1: #include "ruby.h"
 2: 
 3: #include <unistd.h>
 4: 
 5: /*top*/
 6: extern int t(void);
 7: int main(int argc, char **argv)
 8: {
 9:   if (argc > 1000000) {
10:     printf("%p", &t);
11:   }
12: 
13:   return 0;
14: }
15: int t(void) { void ((*volatile p)()); p = (void ((*)()))getgroups; return !p; }
/* end */

--------------------

/Users/shuhei/Desktop/h2o-2.0.2/mruby/host/mrbgems/mruby-file-stat/extconf.h is:
/* begin */
 1: #ifndef _USERS_SHUHEI_DESKTOP_H2O_2_0_2_MRUBY_HOST_MRBGEMS_MRUBY_FILE_STAT_EXTCONF_H
 2: #define _USERS_SHUHEI_DESKTOP_H2O_2_0_2_MRUBY_HOST_MRBGEMS_MRUBY_FILE_STAT_EXTCONF_H
 3: #define HAVE_STRUCT_STAT_ST_BIRTHTIMESPEC 1
 4: #define HAVE_ST_ST_BIRTHTIMESPEC 1
 5: #define HAVE_STRUCT_STAT_ST_BLKSIZE 1
 6: #define HAVE_ST_ST_BLKSIZE 1
 7: #define HAVE_STRUCT_STAT_ST_BLOCKS 1
 8: #define HAVE_ST_ST_BLOCKS 1
 9: #define HAVE_LSTAT 1
10: #define HAVE_GETGROUPS 1
11: #endif
/* end */

