This file contains any messages produced by compilers while
running configure, to aid debugging if configure makes a mistake.

It was created by libressl configure 2.2.7, which was
generated by GNU Autoconf 2.69.  Invocation command line was

  $ ./configure --prefix=/Users/shuhei/Desktop/h2o-2.0.2/libressl-build --libdir=/Users/shuhei/Desktop/h2o-2.0.2/libressl-build/lib --disable-shared --disable-asm --no-create --no-recursion

## --------- ##
## Platform. ##
## --------- ##

hostname = ymmtushi.local
uname -m = x86_64
uname -r = 15.6.0
uname -s = Darwin
uname -v = Darwin Kernel Version 15.6.0: Mon Aug 29 20:21:34 PDT 2016; root:xnu-3248.60.11~1/RELEASE_X86_64

/usr/bin/uname -p = i386
/bin/uname -X     = unknown

/bin/arch              = unknown
/usr/bin/arch -k       = unknown
/usr/convex/getsysinfo = unknown
/usr/bin/hostinfo      = Mach kernel version:
	 Darwin Kernel Version 15.6.0: Mon Aug 29 20:21:34 PDT 2016; root:xnu-3248.60.11~1/RELEASE_X86_64
Kernel configured for up to 4 processors.
2 processors are physically available.
4 processors are logically available.
Processor type: x86_64h (Intel x86-64h Haswell)
Processors active: 0 1 2 3
Primary memory available: 8.00 gigabytes
Default processor set: 289 tasks, 1329 threads, 4 processors
Load average: 2.31, Mach factor: 2.00
/bin/machine           = unknown
/usr/bin/oslevel       = unknown
/bin/universe          = unknown

PATH: /Users/shuhei/.rbenv/shims
PATH: /usr/local/bin
PATH: /usr/local/sbin
PATH: /usr/local/sbin
PATH: /opt/local/bin
PATH: /opt/local/sbin
PATH: /opt/local/bin
PATH: /opt/local/sbin
PATH: /usr/local/bin
PATH: /usr/bin
PATH: /bin
PATH: /usr/sbin
PATH: /sbin
PATH: /opt/X11/bin
PATH: /usr/texbin
PATH: /../../Applications/eclipse/sdk/platform-tools
PATH: /../../Users/shuhei//depot_tools
PATH: /../../Users/shuhei/cmake/bin
PATH: /../../Users/shuhei/compiler/bin
PATH: /Users/shuhei/Desktop/proto-quic-master/depot_tools


## ----------- ##
## Core tests. ##
## ----------- ##

configure:2327: checking build system type
configure:2341: result: x86_64-apple-darwin15.6.0
configure:2361: checking host system type
configure:2374: result: x86_64-apple-darwin15.6.0
configure:2410: checking for a BSD-compatible install
configure:2478: result: /usr/bin/install -c
configure:2489: checking whether build environment is sane
configure:2544: result: yes
configure:2695: checking for a thread-safe mkdir -p
configure:2734: result: ./install-sh -c -d
configure:2741: checking for gawk
configure:2771: result: no
configure:2741: checking for mawk
configure:2771: result: no
configure:2741: checking for nawk
configure:2771: result: no
configure:2741: checking for awk
configure:2757: found /usr/bin/awk
configure:2768: result: awk
configure:2779: checking whether make sets $(MAKE)
configure:2801: result: yes
configure:2830: checking whether make supports nested variables
configure:2847: result: yes
configure:2986: checking whether make supports nested variables
configure:3003: result: yes
configure:3066: checking for gcc
configure:3082: found /usr/bin/gcc
configure:3093: result: gcc
configure:3322: checking for C compiler version
configure:3331: gcc --version >&5
Apple LLVM version 7.3.0 (clang-703.0.29)
Target: x86_64-apple-darwin15.6.0
Thread model: posix
InstalledDir: /Applications/Xcode.app/Contents/Developer/Toolchains/XcodeDefault.xctoolchain/usr/bin
Configured with: --prefix=/Applications/Xcode.app/Contents/Developer/usr --with-gxx-include-dir=/usr/include/c++/4.2.1
configure:3342: $? = 0
configure:3331: gcc -v >&5
Configured with: --prefix=/Applications/Xcode.app/Contents/Developer/usr --with-gxx-include-dir=/usr/include/c++/4.2.1
Apple LLVM version 7.3.0 (clang-703.0.29)
Target: x86_64-apple-darwin15.6.0
Thread model: posix
InstalledDir: /Applications/Xcode.app/Contents/Developer/Toolchains/XcodeDefault.xctoolchain/usr/bin
configure:3342: $? = 0
configure:3331: gcc -V >&5
clang: error: argument to '-V' is missing (expected 1 value)
clang: error: no input files
configure:3342: $? = 1
configure:3331: gcc -qversion >&5
clang: error: unknown argument: '-qversion'
clang: error: no input files
configure:3342: $? = 1
configure:3362: checking whether the C compiler works
configure:3384: gcc    conftest.c  >&5
configure:3388: $? = 0
configure:3436: result: yes
configure:3439: checking for C compiler default output file name
configure:3441: result: a.out
configure:3447: checking for suffix of executables
configure:3454: gcc -o conftest    conftest.c  >&5
configure:3458: $? = 0
configure:3480: result: 
configure:3502: checking whether we are cross compiling
configure:3510: gcc -o conftest    conftest.c  >&5
configure:3514: $? = 0
configure:3521: ./conftest
configure:3525: $? = 0
configure:3540: result: no
configure:3545: checking for suffix of object files
configure:3567: gcc -c   conftest.c >&5
configure:3571: $? = 0
configure:3592: result: o
configure:3596: checking whether we are using the GNU C compiler
configure:3615: gcc -c   conftest.c >&5
configure:3615: $? = 0
configure:3624: result: yes
configure:3633: checking whether gcc accepts -g
configure:3653: gcc -c -g  conftest.c >&5
configure:3653: $? = 0
configure:3694: result: yes
configure:3711: checking for gcc option to accept ISO C89
configure:3774: gcc  -c -g -O2  conftest.c >&5
configure:3774: $? = 0
configure:3787: result: none needed
configure:3812: checking whether gcc understands -c and -o together
configure:3834: gcc -c conftest.c -o conftest2.o
configure:3837: $? = 0
configure:3834: gcc -c conftest.c -o conftest2.o
configure:3837: $? = 0
configure:3849: result: yes
configure:3877: checking for style of include used by make
configure:3905: result: GNU
configure:3931: checking dependency style of gcc
configure:4042: result: gcc3
configure:4061: checking for gcc option to accept ISO C99
configure:4210: gcc  -c -g -O2  conftest.c >&5
configure:4210: $? = 0
configure:4223: result: none needed
configure:4331: checking for gcc option to accept ISO Standard C
configure:4342: result: none needed
configure:4396: checking how to print strings
configure:4423: result: printf
configure:4444: checking for a sed that does not truncate output
configure:4508: result: /usr/bin/sed
configure:4526: checking for grep that handles long lines and -e
configure:4584: result: /usr/bin/grep
configure:4589: checking for egrep
configure:4651: result: /usr/bin/grep -E
configure:4656: checking for fgrep
configure:4718: result: /usr/bin/grep -F
configure:4753: checking for ld used by gcc
configure:4820: result: /Applications/Xcode.app/Contents/Developer/Toolchains/XcodeDefault.xctoolchain/usr/bin/ld
configure:4827: checking if the linker (/Applications/Xcode.app/Contents/Developer/Toolchains/XcodeDefault.xctoolchain/usr/bin/ld) is GNU ld
configure:4842: result: no
configure:4854: checking for BSD- or MS-compatible name lister (nm)
configure:4903: result: /usr/bin/nm -B
configure:5033: checking the name lister (/usr/bin/nm -B) interface
configure:5040: gcc -c -g -O2  conftest.c >&5
configure:5043: /usr/bin/nm -B "conftest.o"
configure:5046: output
00000000000001fc S _some_variable
configure:5053: result: BSD nm
configure:5056: checking whether ln -s works
configure:5060: result: yes
configure:5068: checking the maximum length of command line arguments
configure:5198: result: 196608
configure:5215: checking whether the shell understands some XSI constructs
configure:5225: result: yes
configure:5229: checking whether the shell understands "+="
configure:5235: result: yes
configure:5270: checking how to convert x86_64-apple-darwin15.6.0 file names to x86_64-apple-darwin15.6.0 format
configure:5310: result: func_convert_file_noop
configure:5317: checking how to convert x86_64-apple-darwin15.6.0 file names to toolchain format
configure:5337: result: func_convert_file_noop
configure:5344: checking for /Applications/Xcode.app/Contents/Developer/Toolchains/XcodeDefault.xctoolchain/usr/bin/ld option to reload object files
configure:5351: result: -r
configure:5425: checking for objdump
configure:5455: result: no
configure:5484: checking how to recognize dependent libraries
configure:5686: result: pass_all
configure:5771: checking for dlltool
configure:5801: result: no
configure:5831: checking how to associate runtime and link libraries
configure:5858: result: printf %s\n
configure:5919: checking for ar
configure:5935: found /usr/bin/ar
configure:5946: result: ar
configure:5983: checking for archiver @FILE support
configure:6000: gcc -c -g -O2  conftest.c >&5
configure:6000: $? = 0
configure:6003: ar cru libconftest.a @conftest.lst >&5
ar: @conftest.lst: No such file or directory
configure:6006: $? = 1
configure:6026: result: no
configure:6084: checking for strip
configure:6100: found /usr/bin/strip
configure:6111: result: strip
configure:6183: checking for ranlib
configure:6199: found /usr/bin/ranlib
configure:6210: result: ranlib
configure:6312: checking command to parse /usr/bin/nm -B output from gcc object
configure:6432: gcc -c -g -O2  conftest.c >&5
configure:6435: $? = 0
configure:6439: /usr/bin/nm -B conftest.o \| sed -n -e 's/^.*[ ]\([BCDEGRST][BCDEGRST]*\)[ ][ ]*\([_A-Za-z][_A-Za-z0-9]*\)$/\1 \2 \2/p' | sed '/ __gnu_lto/d' \> conftest.nm
configure:6442: $? = 0
cannot find nm_test_var in conftest.nm
configure:6432: gcc -c -g -O2  conftest.c >&5
configure:6435: $? = 0
configure:6439: /usr/bin/nm -B conftest.o \| sed -n -e 's/^.*[ ]\([BCDEGRST][BCDEGRST]*\)[ ][ ]*_\([_A-Za-z][_A-Za-z0-9]*\)$/\1 _\2 \2/p' | sed '/ __gnu_lto/d' \> conftest.nm
configure:6442: $? = 0
configure:6508: gcc -o conftest -g -O2   conftest.c conftstm.o >&5
warning: (x86_64)  could not find object file symbol for symbol _main
configure:6511: $? = 0
configure:6549: result: ok
configure:6586: checking for sysroot
configure:6616: result: no
configure:6872: checking for mt
configure:6902: result: no
configure:6922: checking if : is a manifest tool
configure:6928: : '-?'
configure:6936: result: no
configure:6992: checking for dsymutil
configure:7008: found /usr/bin/dsymutil
configure:7019: result: dsymutil
configure:7084: checking for nmedit
configure:7100: found /usr/bin/nmedit
configure:7111: result: nmedit
configure:7176: checking for lipo
configure:7192: found /usr/bin/lipo
configure:7203: result: lipo
configure:7268: checking for otool
configure:7284: found /usr/bin/otool
configure:7295: result: otool
configure:7360: checking for otool64
configure:7390: result: no
configure:7435: checking for -single_module linker flag
gcc -g -O2  -o libconftest.dylib -dynamiclib -Wl,-single_module conftest.c
configure:7468: result: yes
configure:7471: checking for -exported_symbols_list linker flag
configure:7491: gcc -o conftest -g -O2   -Wl,-exported_symbols_list,conftest.sym conftest.c  >&5
configure:7491: $? = 0
configure:7501: result: yes
configure:7504: checking for -force_load linker flag
gcc -g -O2 -c -o conftest.o conftest.c
ar cru libconftest.a conftest.o
ranlib libconftest.a
gcc -g -O2  -o conftest conftest.c -Wl,-force_load,./libconftest.a
configure:7536: result: yes
configure:7578: checking how to run the C preprocessor
configure:7609: gcc -E  conftest.c
configure:7609: $? = 0
configure:7623: gcc -E  conftest.c
conftest.c:11:10: fatal error: 'ac_nonexistent.h' file not found
#include <ac_nonexistent.h>
         ^
1 error generated.
configure:7623: $? = 1
configure: failed program was:
| /* confdefs.h */
| #define PACKAGE_NAME "libressl"
| #define PACKAGE_TARNAME "libressl"
| #define PACKAGE_VERSION "2.2.7"
| #define PACKAGE_STRING "libressl 2.2.7"
| #define PACKAGE_BUGREPORT ""
| #define PACKAGE_URL ""
| #define PACKAGE "libressl"
| #define VERSION "2.2.7"
| /* end confdefs.h.  */
| #include <ac_nonexistent.h>
configure:7648: result: gcc -E
configure:7668: gcc -E  conftest.c
configure:7668: $? = 0
configure:7682: gcc -E  conftest.c
conftest.c:11:10: fatal error: 'ac_nonexistent.h' file not found
#include <ac_nonexistent.h>
         ^
1 error generated.
configure:7682: $? = 1
configure: failed program was:
| /* confdefs.h */
| #define PACKAGE_NAME "libressl"
| #define PACKAGE_TARNAME "libressl"
| #define PACKAGE_VERSION "2.2.7"
| #define PACKAGE_STRING "libressl 2.2.7"
| #define PACKAGE_BUGREPORT ""
| #define PACKAGE_URL ""
| #define PACKAGE "libressl"
| #define VERSION "2.2.7"
| /* end confdefs.h.  */
| #include <ac_nonexistent.h>
configure:7711: checking for ANSI C header files
configure:7731: gcc -c -g -O2  conftest.c >&5
configure:7731: $? = 0
configure:7804: gcc -o conftest -g -O2   conftest.c  >&5
configure:7804: $? = 0
configure:7804: ./conftest
configure:7804: $? = 0
configure:7815: result: yes
configure:7828: checking for sys/types.h
configure:7828: gcc -c -g -O2  conftest.c >&5
configure:7828: $? = 0
configure:7828: result: yes
configure:7828: checking for sys/stat.h
configure:7828: gcc -c -g -O2  conftest.c >&5
configure:7828: $? = 0
configure:7828: result: yes
configure:7828: checking for stdlib.h
configure:7828: gcc -c -g -O2  conftest.c >&5
configure:7828: $? = 0
configure:7828: result: yes
configure:7828: checking for string.h
configure:7828: gcc -c -g -O2  conftest.c >&5
configure:7828: $? = 0
configure:7828: result: yes
configure:7828: checking for memory.h
configure:7828: gcc -c -g -O2  conftest.c >&5
configure:7828: $? = 0
configure:7828: result: yes
configure:7828: checking for strings.h
configure:7828: gcc -c -g -O2  conftest.c >&5
configure:7828: $? = 0
configure:7828: result: yes
configure:7828: checking for inttypes.h
configure:7828: gcc -c -g -O2  conftest.c >&5
configure:7828: $? = 0
configure:7828: result: yes
configure:7828: checking for stdint.h
configure:7828: gcc -c -g -O2  conftest.c >&5
configure:7828: $? = 0
configure:7828: result: yes
configure:7828: checking for unistd.h
configure:7828: gcc -c -g -O2  conftest.c >&5
configure:7828: $? = 0
configure:7828: result: yes
configure:7842: checking for dlfcn.h
configure:7842: gcc -c -g -O2  conftest.c >&5
configure:7842: $? = 0
configure:7842: result: yes
configure:8048: checking for objdir
configure:8063: result: .libs
configure:8334: checking if gcc supports -fno-rtti -fno-exceptions
configure:8352: gcc -c -g -O2  -fno-rtti -fno-exceptions conftest.c >&5
configure:8356: $? = 0
configure:8369: result: yes
configure:8696: checking for gcc option to produce PIC
configure:8703: result: -fno-common -DPIC
configure:8711: checking if gcc PIC flag -fno-common -DPIC works
configure:8729: gcc -c -g -O2  -fno-common -DPIC -DPIC conftest.c >&5
configure:8733: $? = 0
configure:8746: result: yes
configure:8775: checking if gcc static flag -static works
configure:8803: result: no
configure:8818: checking if gcc supports -c -o file.o
configure:8839: gcc -c -g -O2  -o out/conftest2.o conftest.c >&5
configure:8843: $? = 0
configure:8865: result: yes
configure:8873: checking if gcc supports -c -o file.o
configure:8920: result: yes
configure:8953: checking whether the gcc linker (/Applications/Xcode.app/Contents/Developer/Toolchains/XcodeDefault.xctoolchain/usr/bin/ld) supports shared libraries
configure:10106: result: yes
configure:10346: checking dynamic linker characteristics
configure:11079: result: darwin15.6.0 dyld
configure:11186: checking how to hardcode library paths into programs
configure:11211: result: immediate
configure:11751: checking whether stripping libraries is possible
configure:11765: result: yes
configure:11791: checking if libtool supports shared libraries
configure:11793: result: yes
configure:11796: checking whether to build shared libraries
configure:11817: result: no
configure:11820: checking whether to build static libraries
configure:11824: result: yes
configure:12040: checking if gcc supports "-fno-strict-overflow"
configure:12057: ./scripts/wrap-compiler-for-flag-check gcc -o conftest -fno-strict-overflow -Wall -Werror   conftest.c  >&5

configure:12057: $? = 0
configure:12058: result: yes
configure:12075: checking if gcc supports "-D_FORTIFY_SOURCE=2"
configure:12092: ./scripts/wrap-compiler-for-flag-check gcc -o conftest -D_FORTIFY_SOURCE=2 -Wall -Werror   conftest.c  >&5

configure:12092: $? = 0
configure:12093: result: yes
configure:12110: checking if /Applications/Xcode.app/Contents/Developer/Toolchains/XcodeDefault.xctoolchain/usr/bin/ld supports "-Wl,-z,relro"
configure:12127: ./scripts/wrap-compiler-for-flag-check gcc -o conftest -g -O2 -Wall -std=gnu99 -fno-strict-aliasing  -Wl,-z,relro -Wall -Werror conftest.c  >&5
ld: unknown option: -z
clang: error: linker command failed with exit code 1 (use -v to see invocation)
configure:12127: $? = 1
configure: failed program was:
| /* confdefs.h */
| #define PACKAGE_NAME "libressl"
| #define PACKAGE_TARNAME "libressl"
| #define PACKAGE_VERSION "2.2.7"
| #define PACKAGE_STRING "libressl 2.2.7"
| #define PACKAGE_BUGREPORT ""
| #define PACKAGE_URL ""
| #define PACKAGE "libressl"
| #define VERSION "2.2.7"
| #define STDC_HEADERS 1
| #define HAVE_SYS_TYPES_H 1
| #define HAVE_SYS_STAT_H 1
| #define HAVE_STDLIB_H 1
| #define HAVE_STRING_H 1
| #define HAVE_MEMORY_H 1
| #define HAVE_STRINGS_H 1
| #define HAVE_INTTYPES_H 1
| #define HAVE_STDINT_H 1
| #define HAVE_UNISTD_H 1
| #define HAVE_DLFCN_H 1
| #define LT_OBJDIR ".libs/"
| /* end confdefs.h.  */
| 
| 		      #include <stdio.h>
| 
| int
| main ()
| {
| printf("Hello")
|   ;
|   return 0;
| }
configure:12133: result: no
configure:12143: checking if /Applications/Xcode.app/Contents/Developer/Toolchains/XcodeDefault.xctoolchain/usr/bin/ld supports "-Wl,-z,now"
configure:12160: ./scripts/wrap-compiler-for-flag-check gcc -o conftest -g -O2 -Wall -std=gnu99 -fno-strict-aliasing  -Wl,-z,now -Wall -Werror conftest.c  >&5
ld: unknown option: -z
clang: error: linker command failed with exit code 1 (use -v to see invocation)
configure:12160: $? = 1
configure: failed program was:
| /* confdefs.h */
| #define PACKAGE_NAME "libressl"
| #define PACKAGE_TARNAME "libressl"
| #define PACKAGE_VERSION "2.2.7"
| #define PACKAGE_STRING "libressl 2.2.7"
| #define PACKAGE_BUGREPORT ""
| #define PACKAGE_URL ""
| #define PACKAGE "libressl"
| #define VERSION "2.2.7"
| #define STDC_HEADERS 1
| #define HAVE_SYS_TYPES_H 1
| #define HAVE_SYS_STAT_H 1
| #define HAVE_STDLIB_H 1
| #define HAVE_STRING_H 1
| #define HAVE_MEMORY_H 1
| #define HAVE_STRINGS_H 1
| #define HAVE_INTTYPES_H 1
| #define HAVE_STDINT_H 1
| #define HAVE_UNISTD_H 1
| #define HAVE_DLFCN_H 1
| #define LT_OBJDIR ".libs/"
| /* end confdefs.h.  */
| 
| 		      #include <stdio.h>
| 
| int
| main ()
| {
| printf("Hello")
|   ;
|   return 0;
| }
configure:12166: result: no
configure:12286: checking if gcc supports "-fstack-protector-strong"
configure:12303: ./scripts/wrap-compiler-for-flag-check gcc -o conftest -fstack-protector-strong -Wall -Werror   conftest.c  >&5

configure:12303: $? = 0
configure:12304: result: yes
configure:12428: checking whether AS supports .note.GNU-stack
configure:12442: gcc -c   conftest.c >&5
<inline asm>:1:19: error: unexpected token in '.section' directive
.section .note.GNU-stack,"",@progbits
                  ^
1 error generated.
configure:12442: $? = 1
configure: failed program was:
| /* confdefs.h */
| #define PACKAGE_NAME "libressl"
| #define PACKAGE_TARNAME "libressl"
| #define PACKAGE_VERSION "2.2.7"
| #define PACKAGE_STRING "libressl 2.2.7"
| #define PACKAGE_BUGREPORT ""
| #define PACKAGE_URL ""
| #define PACKAGE "libressl"
| #define VERSION "2.2.7"
| #define STDC_HEADERS 1
| #define HAVE_SYS_TYPES_H 1
| #define HAVE_SYS_STAT_H 1
| #define HAVE_STDLIB_H 1
| #define HAVE_STRING_H 1
| #define HAVE_MEMORY_H 1
| #define HAVE_STRINGS_H 1
| #define HAVE_INTTYPES_H 1
| #define HAVE_STDINT_H 1
| #define HAVE_UNISTD_H 1
| #define HAVE_DLFCN_H 1
| #define LT_OBJDIR ".libs/"
| /* end confdefs.h.  */
| 
| 	__asm__(".section .note.GNU-stack,\"\",@progbits");
| int
| main ()
| {
| 
|   ;
|   return 0;
| }
configure:12447: result: no
configure:12463: checking dependency style of gcc
configure:12572: result: gcc3
configure:12591: checking if compiling with clang
configure:12608: gcc -c -g -O2 -Wall -std=gnu99 -fno-strict-aliasing  -fno-strict-overflow -D_FORTIFY_SOURCE=2 -fstack-protector-strong   conftest.c >&5
configure:12608: $? = 0
configure:12615: result: yes
configure:12627: checking whether CC supports -Wno-pointer-sign
configure:12640: gcc -c -Wno-pointer-sign  conftest.c >&5
configure:12640: $? = 0
configure:12641: result: yes
configure:12656: checking for symlink
configure:12656: gcc -o conftest -g -O2 -Wall -std=gnu99 -fno-strict-aliasing  -fno-strict-overflow -D_FORTIFY_SOURCE=2 -fstack-protector-strong  -Qunused-arguments -Wno-pointer-sign    -Qunused-arguments conftest.c  >&5
configure:12656: $? = 0
configure:12656: result: yes
configure:12675: checking for funopen
configure:12675: gcc -o conftest -g -O2 -Wall -std=gnu99 -fno-strict-aliasing  -fno-strict-overflow -D_FORTIFY_SOURCE=2 -fstack-protector-strong  -Qunused-arguments -Wno-pointer-sign    -Qunused-arguments conftest.c  >&5
configure:12675: $? = 0
configure:12675: result: yes
configure:12686: checking for asprintf
configure:12686: gcc -o conftest -g -O2 -Wall -std=gnu99 -fno-strict-aliasing  -fno-strict-overflow -D_FORTIFY_SOURCE=2 -fstack-protector-strong  -Qunused-arguments -Wno-pointer-sign    -Qunused-arguments conftest.c  >&5
conftest.c:58:18: warning: format string missing [-Wformat]
return asprintf ();
       ~~~~~~~~  ^
1 warning generated.
configure:12686: $? = 0
configure:12686: result: yes
configure:12686: checking for inet_pton
configure:12686: gcc -o conftest -g -O2 -Wall -std=gnu99 -fno-strict-aliasing  -fno-strict-overflow -D_FORTIFY_SOURCE=2 -fstack-protector-strong  -Qunused-arguments -Wno-pointer-sign    -Qunused-arguments conftest.c  >&5
configure:12686: $? = 0
configure:12686: result: yes
configure:12686: checking for memmem
configure:12686: gcc -o conftest -g -O2 -Wall -std=gnu99 -fno-strict-aliasing  -fno-strict-overflow -D_FORTIFY_SOURCE=2 -fstack-protector-strong  -Qunused-arguments -Wno-pointer-sign    -Qunused-arguments conftest.c  >&5
configure:12686: $? = 0
configure:12686: result: yes
configure:12686: checking for poll
configure:12686: gcc -o conftest -g -O2 -Wall -std=gnu99 -fno-strict-aliasing  -fno-strict-overflow -D_FORTIFY_SOURCE=2 -fstack-protector-strong  -Qunused-arguments -Wno-pointer-sign    -Qunused-arguments conftest.c  >&5
configure:12686: $? = 0
configure:12686: result: yes
configure:12686: checking for reallocarray
configure:12686: gcc -o conftest -g -O2 -Wall -std=gnu99 -fno-strict-aliasing  -fno-strict-overflow -D_FORTIFY_SOURCE=2 -fstack-protector-strong  -Qunused-arguments -Wno-pointer-sign    -Qunused-arguments conftest.c  >&5
Undefined symbols for architecture x86_64:
  "_reallocarray", referenced from:
      _main in conftest-025544.o
ld: symbol(s) not found for architecture x86_64
clang: error: linker command failed with exit code 1 (use -v to see invocation)
configure:12686: $? = 1
configure: failed program was:
| /* confdefs.h */
| #define PACKAGE_NAME "libressl"
| #define PACKAGE_TARNAME "libressl"
| #define PACKAGE_VERSION "2.2.7"
| #define PACKAGE_STRING "libressl 2.2.7"
| #define PACKAGE_BUGREPORT ""
| #define PACKAGE_URL ""
| #define PACKAGE "libressl"
| #define VERSION "2.2.7"
| #define STDC_HEADERS 1
| #define HAVE_SYS_TYPES_H 1
| #define HAVE_SYS_STAT_H 1
| #define HAVE_STDLIB_H 1
| #define HAVE_STRING_H 1
| #define HAVE_MEMORY_H 1
| #define HAVE_STRINGS_H 1
| #define HAVE_INTTYPES_H 1
| #define HAVE_STDINT_H 1
| #define HAVE_UNISTD_H 1
| #define HAVE_DLFCN_H 1
| #define LT_OBJDIR ".libs/"
| #define HAVE_SYMLINK 1
| #define HAVE_ASPRINTF 1
| #define HAVE_INET_PTON 1
| #define HAVE_MEMMEM 1
| #define HAVE_POLL 1
| /* end confdefs.h.  */
| /* Define reallocarray to an innocuous variant, in case <limits.h> declares reallocarray.
|    For example, HP-UX 11i <limits.h> declares gettimeofday.  */
| #define reallocarray innocuous_reallocarray
| 
| /* System header to define __stub macros and hopefully few prototypes,
|     which can conflict with char reallocarray (); below.
|     Prefer <limits.h> to <assert.h> if __STDC__ is defined, since
|     <limits.h> exists even on freestanding compilers.  */
| 
| #ifdef __STDC__
| # include <limits.h>
| #else
| # include <assert.h>
| #endif
| 
| #undef reallocarray
| 
| /* Override any GCC internal prototype to avoid an error.
|    Use char because int might match the return type of a GCC
|    builtin and then its argument prototype would still apply.  */
| #ifdef __cplusplus
| extern "C"
| #endif
| char reallocarray ();
| /* The GNU C library defines this for functions which it implements
|     to always fail with ENOSYS.  Some functions are actually named
|     something starting with __ and the normal name is an alias.  */
| #if defined __stub_reallocarray || defined __stub___reallocarray
| choke me
| #endif
| 
| int
| main ()
| {
| return reallocarray ();
|   ;
|   return 0;
| }
configure:12686: result: no
configure:12698: checking for strlcat
configure:12698: gcc -o conftest -g -O2 -Wall -std=gnu99 -fno-strict-aliasing  -fno-strict-overflow -D_FORTIFY_SOURCE=2 -fstack-protector-strong  -Qunused-arguments -Wno-pointer-sign    -Qunused-arguments conftest.c  >&5
conftest.c:51:6: warning: incompatible redeclaration of library function 'strlcat' [-Wincompatible-library-redeclaration]
char strlcat ();
     ^
conftest.c:51:6: note: 'strlcat' is a builtin with type 'unsigned long (char *, const char *, unsigned long)'
1 warning generated.
configure:12698: $? = 0
configure:12698: result: yes
configure:12698: checking for strlcpy
configure:12698: gcc -o conftest -g -O2 -Wall -std=gnu99 -fno-strict-aliasing  -fno-strict-overflow -D_FORTIFY_SOURCE=2 -fstack-protector-strong  -Qunused-arguments -Wno-pointer-sign    -Qunused-arguments conftest.c  >&5
conftest.c:52:6: warning: incompatible redeclaration of library function 'strlcpy' [-Wincompatible-library-redeclaration]
char strlcpy ();
     ^
conftest.c:52:6: note: 'strlcpy' is a builtin with type 'unsigned long (char *, const char *, unsigned long)'
1 warning generated.
configure:12698: $? = 0
configure:12698: result: yes
configure:12698: checking for strndup
configure:12698: gcc -o conftest -g -O2 -Wall -std=gnu99 -fno-strict-aliasing  -fno-strict-overflow -D_FORTIFY_SOURCE=2 -fstack-protector-strong  -Qunused-arguments -Wno-pointer-sign    -Qunused-arguments conftest.c  >&5
conftest.c:53:6: warning: incompatible redeclaration of library function 'strndup' [-Wincompatible-library-redeclaration]
char strndup ();
     ^
conftest.c:53:6: note: 'strndup' is a builtin with type 'char *(const char *, unsigned long)'
1 warning generated.
configure:12698: $? = 0
configure:12698: result: yes
configure:12698: checking for strnlen
configure:12698: gcc -o conftest -g -O2 -Wall -std=gnu99 -fno-strict-aliasing  -fno-strict-overflow -D_FORTIFY_SOURCE=2 -fstack-protector-strong  -Qunused-arguments -Wno-pointer-sign    -Qunused-arguments conftest.c  >&5
configure:12698: $? = 0
configure:12698: result: yes
configure:12698: checking for strsep
configure:12698: gcc -o conftest -g -O2 -Wall -std=gnu99 -fno-strict-aliasing  -fno-strict-overflow -D_FORTIFY_SOURCE=2 -fstack-protector-strong  -Qunused-arguments -Wno-pointer-sign    -Qunused-arguments conftest.c  >&5
configure:12698: $? = 0
configure:12698: result: yes
configure:12698: checking for strtonum
configure:12698: gcc -o conftest -g -O2 -Wall -std=gnu99 -fno-strict-aliasing  -fno-strict-overflow -D_FORTIFY_SOURCE=2 -fstack-protector-strong  -Qunused-arguments -Wno-pointer-sign    -Qunused-arguments conftest.c  >&5
Undefined symbols for architecture x86_64:
  "_strtonum", referenced from:
      _main in conftest-6f6849.o
ld: symbol(s) not found for architecture x86_64
clang: error: linker command failed with exit code 1 (use -v to see invocation)
configure:12698: $? = 1
configure: failed program was:
| /* confdefs.h */
| #define PACKAGE_NAME "libressl"
| #define PACKAGE_TARNAME "libressl"
| #define PACKAGE_VERSION "2.2.7"
| #define PACKAGE_STRING "libressl 2.2.7"
| #define PACKAGE_BUGREPORT ""
| #define PACKAGE_URL ""
| #define PACKAGE "libressl"
| #define VERSION "2.2.7"
| #define STDC_HEADERS 1
| #define HAVE_SYS_TYPES_H 1
| #define HAVE_SYS_STAT_H 1
| #define HAVE_STDLIB_H 1
| #define HAVE_STRING_H 1
| #define HAVE_MEMORY_H 1
| #define HAVE_STRINGS_H 1
| #define HAVE_INTTYPES_H 1
| #define HAVE_STDINT_H 1
| #define HAVE_UNISTD_H 1
| #define HAVE_DLFCN_H 1
| #define LT_OBJDIR ".libs/"
| #define HAVE_SYMLINK 1
| #define HAVE_ASPRINTF 1
| #define HAVE_INET_PTON 1
| #define HAVE_MEMMEM 1
| #define HAVE_POLL 1
| #define HAVE_STRLCAT 1
| #define HAVE_STRLCPY 1
| #define HAVE_STRNDUP 1
| #define HAVE_STRNLEN 1
| #define HAVE_STRSEP 1
| /* end confdefs.h.  */
| /* Define strtonum to an innocuous variant, in case <limits.h> declares strtonum.
|    For example, HP-UX 11i <limits.h> declares gettimeofday.  */
| #define strtonum innocuous_strtonum
| 
| /* System header to define __stub macros and hopefully few prototypes,
|     which can conflict with char strtonum (); below.
|     Prefer <limits.h> to <assert.h> if __STDC__ is defined, since
|     <limits.h> exists even on freestanding compilers.  */
| 
| #ifdef __STDC__
| # include <limits.h>
| #else
| # include <assert.h>
| #endif
| 
| #undef strtonum
| 
| /* Override any GCC internal prototype to avoid an error.
|    Use char because int might match the return type of a GCC
|    builtin and then its argument prototype would still apply.  */
| #ifdef __cplusplus
| extern "C"
| #endif
| char strtonum ();
| /* The GNU C library defines this for functions which it implements
|     to always fail with ENOSYS.  Some functions are actually named
|     something starting with __ and the normal name is an alias.  */
| #if defined __stub_strtonum || defined __stub___strtonum
| choke me
| #endif
| 
| int
| main ()
| {
| return strtonum ();
|   ;
|   return 0;
| }
configure:12698: result: no
configure:12801: checking for arc4random_buf
configure:12801: gcc -o conftest -g -O2 -Wall -std=gnu99 -fno-strict-aliasing  -fno-strict-overflow -D_FORTIFY_SOURCE=2 -fstack-protector-strong  -Qunused-arguments -Wno-pointer-sign    -Qunused-arguments conftest.c  >&5
configure:12801: $? = 0
configure:12801: result: yes
configure:12801: checking for explicit_bzero
configure:12801: gcc -o conftest -g -O2 -Wall -std=gnu99 -fno-strict-aliasing  -fno-strict-overflow -D_FORTIFY_SOURCE=2 -fstack-protector-strong  -Qunused-arguments -Wno-pointer-sign    -Qunused-arguments conftest.c  >&5
Undefined symbols for architecture x86_64:
  "_explicit_bzero", referenced from:
      _main in conftest-e62a51.o
ld: symbol(s) not found for architecture x86_64
clang: error: linker command failed with exit code 1 (use -v to see invocation)
configure:12801: $? = 1
configure: failed program was:
| /* confdefs.h */
| #define PACKAGE_NAME "libressl"
| #define PACKAGE_TARNAME "libressl"
| #define PACKAGE_VERSION "2.2.7"
| #define PACKAGE_STRING "libressl 2.2.7"
| #define PACKAGE_BUGREPORT ""
| #define PACKAGE_URL ""
| #define PACKAGE "libressl"
| #define VERSION "2.2.7"
| #define STDC_HEADERS 1
| #define HAVE_SYS_TYPES_H 1
| #define HAVE_SYS_STAT_H 1
| #define HAVE_STDLIB_H 1
| #define HAVE_STRING_H 1
| #define HAVE_MEMORY_H 1
| #define HAVE_STRINGS_H 1
| #define HAVE_INTTYPES_H 1
| #define HAVE_STDINT_H 1
| #define HAVE_UNISTD_H 1
| #define HAVE_DLFCN_H 1
| #define LT_OBJDIR ".libs/"
| #define HAVE_SYMLINK 1
| #define HAVE_ASPRINTF 1
| #define HAVE_INET_PTON 1
| #define HAVE_MEMMEM 1
| #define HAVE_POLL 1
| #define HAVE_STRLCAT 1
| #define HAVE_STRLCPY 1
| #define HAVE_STRNDUP 1
| #define HAVE_STRNLEN 1
| #define HAVE_STRSEP 1
| #define HAVE_ARC4RANDOM_BUF 1
| /* end confdefs.h.  */
| /* Define explicit_bzero to an innocuous variant, in case <limits.h> declares explicit_bzero.
|    For example, HP-UX 11i <limits.h> declares gettimeofday.  */
| #define explicit_bzero innocuous_explicit_bzero
| 
| /* System header to define __stub macros and hopefully few prototypes,
|     which can conflict with char explicit_bzero (); below.
|     Prefer <limits.h> to <assert.h> if __STDC__ is defined, since
|     <limits.h> exists even on freestanding compilers.  */
| 
| #ifdef __STDC__
| # include <limits.h>
| #else
| # include <assert.h>
| #endif
| 
| #undef explicit_bzero
| 
| /* Override any GCC internal prototype to avoid an error.
|    Use char because int might match the return type of a GCC
|    builtin and then its argument prototype would still apply.  */
| #ifdef __cplusplus
| extern "C"
| #endif
| char explicit_bzero ();
| /* The GNU C library defines this for functions which it implements
|     to always fail with ENOSYS.  Some functions are actually named
|     something starting with __ and the normal name is an alias.  */
| #if defined __stub_explicit_bzero || defined __stub___explicit_bzero
| choke me
| #endif
| 
| int
| main ()
| {
| return explicit_bzero ();
|   ;
|   return 0;
| }
configure:12801: result: no
configure:12801: checking for getauxval
configure:12801: gcc -o conftest -g -O2 -Wall -std=gnu99 -fno-strict-aliasing  -fno-strict-overflow -D_FORTIFY_SOURCE=2 -fstack-protector-strong  -Qunused-arguments -Wno-pointer-sign    -Qunused-arguments conftest.c  >&5
Undefined symbols for architecture x86_64:
  "_getauxval", referenced from:
      _main in conftest-16caf2.o
ld: symbol(s) not found for architecture x86_64
clang: error: linker command failed with exit code 1 (use -v to see invocation)
configure:12801: $? = 1
configure: failed program was:
| /* confdefs.h */
| #define PACKAGE_NAME "libressl"
| #define PACKAGE_TARNAME "libressl"
| #define PACKAGE_VERSION "2.2.7"
| #define PACKAGE_STRING "libressl 2.2.7"
| #define PACKAGE_BUGREPORT ""
| #define PACKAGE_URL ""
| #define PACKAGE "libressl"
| #define VERSION "2.2.7"
| #define STDC_HEADERS 1
| #define HAVE_SYS_TYPES_H 1
| #define HAVE_SYS_STAT_H 1
| #define HAVE_STDLIB_H 1
| #define HAVE_STRING_H 1
| #define HAVE_MEMORY_H 1
| #define HAVE_STRINGS_H 1
| #define HAVE_INTTYPES_H 1
| #define HAVE_STDINT_H 1
| #define HAVE_UNISTD_H 1
| #define HAVE_DLFCN_H 1
| #define LT_OBJDIR ".libs/"
| #define HAVE_SYMLINK 1
| #define HAVE_ASPRINTF 1
| #define HAVE_INET_PTON 1
| #define HAVE_MEMMEM 1
| #define HAVE_POLL 1
| #define HAVE_STRLCAT 1
| #define HAVE_STRLCPY 1
| #define HAVE_STRNDUP 1
| #define HAVE_STRNLEN 1
| #define HAVE_STRSEP 1
| #define HAVE_ARC4RANDOM_BUF 1
| /* end confdefs.h.  */
| /* Define getauxval to an innocuous variant, in case <limits.h> declares getauxval.
|    For example, HP-UX 11i <limits.h> declares gettimeofday.  */
| #define getauxval innocuous_getauxval
| 
| /* System header to define __stub macros and hopefully few prototypes,
|     which can conflict with char getauxval (); below.
|     Prefer <limits.h> to <assert.h> if __STDC__ is defined, since
|     <limits.h> exists even on freestanding compilers.  */
| 
| #ifdef __STDC__
| # include <limits.h>
| #else
| # include <assert.h>
| #endif
| 
| #undef getauxval
| 
| /* Override any GCC internal prototype to avoid an error.
|    Use char because int might match the return type of a GCC
|    builtin and then its argument prototype would still apply.  */
| #ifdef __cplusplus
| extern "C"
| #endif
| char getauxval ();
| /* The GNU C library defines this for functions which it implements
|     to always fail with ENOSYS.  Some functions are actually named
|     something starting with __ and the normal name is an alias.  */
| #if defined __stub_getauxval || defined __stub___getauxval
| choke me
| #endif
| 
| int
| main ()
| {
| return getauxval ();
|   ;
|   return 0;
| }
configure:12801: result: no
configure:12801: checking for getentropy
configure:12801: gcc -o conftest -g -O2 -Wall -std=gnu99 -fno-strict-aliasing  -fno-strict-overflow -D_FORTIFY_SOURCE=2 -fstack-protector-strong  -Qunused-arguments -Wno-pointer-sign    -Qunused-arguments conftest.c  >&5
Undefined symbols for architecture x86_64:
  "_getentropy", referenced from:
      _main in conftest-553377.o
ld: symbol(s) not found for architecture x86_64
clang: error: linker command failed with exit code 1 (use -v to see invocation)
configure:12801: $? = 1
configure: failed program was:
| /* confdefs.h */
| #define PACKAGE_NAME "libressl"
| #define PACKAGE_TARNAME "libressl"
| #define PACKAGE_VERSION "2.2.7"
| #define PACKAGE_STRING "libressl 2.2.7"
| #define PACKAGE_BUGREPORT ""
| #define PACKAGE_URL ""
| #define PACKAGE "libressl"
| #define VERSION "2.2.7"
| #define STDC_HEADERS 1
| #define HAVE_SYS_TYPES_H 1
| #define HAVE_SYS_STAT_H 1
| #define HAVE_STDLIB_H 1
| #define HAVE_STRING_H 1
| #define HAVE_MEMORY_H 1
| #define HAVE_STRINGS_H 1
| #define HAVE_INTTYPES_H 1
| #define HAVE_STDINT_H 1
| #define HAVE_UNISTD_H 1
| #define HAVE_DLFCN_H 1
| #define LT_OBJDIR ".libs/"
| #define HAVE_SYMLINK 1
| #define HAVE_ASPRINTF 1
| #define HAVE_INET_PTON 1
| #define HAVE_MEMMEM 1
| #define HAVE_POLL 1
| #define HAVE_STRLCAT 1
| #define HAVE_STRLCPY 1
| #define HAVE_STRNDUP 1
| #define HAVE_STRNLEN 1
| #define HAVE_STRSEP 1
| #define HAVE_ARC4RANDOM_BUF 1
| /* end confdefs.h.  */
| /* Define getentropy to an innocuous variant, in case <limits.h> declares getentropy.
|    For example, HP-UX 11i <limits.h> declares gettimeofday.  */
| #define getentropy innocuous_getentropy
| 
| /* System header to define __stub macros and hopefully few prototypes,
|     which can conflict with char getentropy (); below.
|     Prefer <limits.h> to <assert.h> if __STDC__ is defined, since
|     <limits.h> exists even on freestanding compilers.  */
| 
| #ifdef __STDC__
| # include <limits.h>
| #else
| # include <assert.h>
| #endif
| 
| #undef getentropy
| 
| /* Override any GCC internal prototype to avoid an error.
|    Use char because int might match the return type of a GCC
|    builtin and then its argument prototype would still apply.  */
| #ifdef __cplusplus
| extern "C"
| #endif
| char getentropy ();
| /* The GNU C library defines this for functions which it implements
|     to always fail with ENOSYS.  Some functions are actually named
|     something starting with __ and the normal name is an alias.  */
| #if defined __stub_getentropy || defined __stub___getentropy
| choke me
| #endif
| 
| int
| main ()
| {
| return getentropy ();
|   ;
|   return 0;
| }
configure:12801: result: no
configure:12813: checking for timingsafe_bcmp
configure:12813: gcc -o conftest -g -O2 -Wall -std=gnu99 -fno-strict-aliasing  -fno-strict-overflow -D_FORTIFY_SOURCE=2 -fstack-protector-strong  -Qunused-arguments -Wno-pointer-sign    -Qunused-arguments conftest.c  >&5
Undefined symbols for architecture x86_64:
  "_timingsafe_bcmp", referenced from:
      _main in conftest-ecc64c.o
ld: symbol(s) not found for architecture x86_64
clang: error: linker command failed with exit code 1 (use -v to see invocation)
configure:12813: $? = 1
configure: failed program was:
| /* confdefs.h */
| #define PACKAGE_NAME "libressl"
| #define PACKAGE_TARNAME "libressl"
| #define PACKAGE_VERSION "2.2.7"
| #define PACKAGE_STRING "libressl 2.2.7"
| #define PACKAGE_BUGREPORT ""
| #define PACKAGE_URL ""
| #define PACKAGE "libressl"
| #define VERSION "2.2.7"
| #define STDC_HEADERS 1
| #define HAVE_SYS_TYPES_H 1
| #define HAVE_SYS_STAT_H 1
| #define HAVE_STDLIB_H 1
| #define HAVE_STRING_H 1
| #define HAVE_MEMORY_H 1
| #define HAVE_STRINGS_H 1
| #define HAVE_INTTYPES_H 1
| #define HAVE_STDINT_H 1
| #define HAVE_UNISTD_H 1
| #define HAVE_DLFCN_H 1
| #define LT_OBJDIR ".libs/"
| #define HAVE_SYMLINK 1
| #define HAVE_ASPRINTF 1
| #define HAVE_INET_PTON 1
| #define HAVE_MEMMEM 1
| #define HAVE_POLL 1
| #define HAVE_STRLCAT 1
| #define HAVE_STRLCPY 1
| #define HAVE_STRNDUP 1
| #define HAVE_STRNLEN 1
| #define HAVE_STRSEP 1
| #define HAVE_ARC4RANDOM_BUF 1
| /* end confdefs.h.  */
| /* Define timingsafe_bcmp to an innocuous variant, in case <limits.h> declares timingsafe_bcmp.
|    For example, HP-UX 11i <limits.h> declares gettimeofday.  */
| #define timingsafe_bcmp innocuous_timingsafe_bcmp
| 
| /* System header to define __stub macros and hopefully few prototypes,
|     which can conflict with char timingsafe_bcmp (); below.
|     Prefer <limits.h> to <assert.h> if __STDC__ is defined, since
|     <limits.h> exists even on freestanding compilers.  */
| 
| #ifdef __STDC__
| # include <limits.h>
| #else
| # include <assert.h>
| #endif
| 
| #undef timingsafe_bcmp
| 
| /* Override any GCC internal prototype to avoid an error.
|    Use char because int might match the return type of a GCC
|    builtin and then its argument prototype would still apply.  */
| #ifdef __cplusplus
| extern "C"
| #endif
| char timingsafe_bcmp ();
| /* The GNU C library defines this for functions which it implements
|     to always fail with ENOSYS.  Some functions are actually named
|     something starting with __ and the normal name is an alias.  */
| #if defined __stub_timingsafe_bcmp || defined __stub___timingsafe_bcmp
| choke me
| #endif
| 
| int
| main ()
| {
| return timingsafe_bcmp ();
|   ;
|   return 0;
| }
configure:12813: result: no
configure:12813: checking for timingsafe_memcmp
configure:12813: gcc -o conftest -g -O2 -Wall -std=gnu99 -fno-strict-aliasing  -fno-strict-overflow -D_FORTIFY_SOURCE=2 -fstack-protector-strong  -Qunused-arguments -Wno-pointer-sign    -Qunused-arguments conftest.c  >&5
Undefined symbols for architecture x86_64:
  "_timingsafe_memcmp", referenced from:
      _main in conftest-a9542f.o
ld: symbol(s) not found for architecture x86_64
clang: error: linker command failed with exit code 1 (use -v to see invocation)
configure:12813: $? = 1
configure: failed program was:
| /* confdefs.h */
| #define PACKAGE_NAME "libressl"
| #define PACKAGE_TARNAME "libressl"
| #define PACKAGE_VERSION "2.2.7"
| #define PACKAGE_STRING "libressl 2.2.7"
| #define PACKAGE_BUGREPORT ""
| #define PACKAGE_URL ""
| #define PACKAGE "libressl"
| #define VERSION "2.2.7"
| #define STDC_HEADERS 1
| #define HAVE_SYS_TYPES_H 1
| #define HAVE_SYS_STAT_H 1
| #define HAVE_STDLIB_H 1
| #define HAVE_STRING_H 1
| #define HAVE_MEMORY_H 1
| #define HAVE_STRINGS_H 1
| #define HAVE_INTTYPES_H 1
| #define HAVE_STDINT_H 1
| #define HAVE_UNISTD_H 1
| #define HAVE_DLFCN_H 1
| #define LT_OBJDIR ".libs/"
| #define HAVE_SYMLINK 1
| #define HAVE_ASPRINTF 1
| #define HAVE_INET_PTON 1
| #define HAVE_MEMMEM 1
| #define HAVE_POLL 1
| #define HAVE_STRLCAT 1
| #define HAVE_STRLCPY 1
| #define HAVE_STRNDUP 1
| #define HAVE_STRNLEN 1
| #define HAVE_STRSEP 1
| #define HAVE_ARC4RANDOM_BUF 1
| /* end confdefs.h.  */
| /* Define timingsafe_memcmp to an innocuous variant, in case <limits.h> declares timingsafe_memcmp.
|    For example, HP-UX 11i <limits.h> declares gettimeofday.  */
| #define timingsafe_memcmp innocuous_timingsafe_memcmp
| 
| /* System header to define __stub macros and hopefully few prototypes,
|     which can conflict with char timingsafe_memcmp (); below.
|     Prefer <limits.h> to <assert.h> if __STDC__ is defined, since
|     <limits.h> exists even on freestanding compilers.  */
| 
| #ifdef __STDC__
| # include <limits.h>
| #else
| # include <assert.h>
| #endif
| 
| #undef timingsafe_memcmp
| 
| /* Override any GCC internal prototype to avoid an error.
|    Use char because int might match the return type of a GCC
|    builtin and then its argument prototype would still apply.  */
| #ifdef __cplusplus
| extern "C"
| #endif
| char timingsafe_memcmp ();
| /* The GNU C library defines this for functions which it implements
|     to always fail with ENOSYS.  Some functions are actually named
|     something starting with __ and the normal name is an alias.  */
| #if defined __stub_timingsafe_memcmp || defined __stub___timingsafe_memcmp
| choke me
| #endif
| 
| int
| main ()
| {
| return timingsafe_memcmp ();
|   ;
|   return 0;
| }
configure:12813: result: no
configure:12877: checking for getauxval
configure:12877: result: no
configure:12882: checking for clock_gettime
configure:12882: gcc -o conftest -g -O2 -Wall -std=gnu99 -fno-strict-aliasing  -fno-strict-overflow -D_FORTIFY_SOURCE=2 -fstack-protector-strong  -Qunused-arguments -Wno-pointer-sign    -Qunused-arguments conftest.c  >&5
Undefined symbols for architecture x86_64:
  "_clock_gettime", referenced from:
      _main in conftest-519979.o
ld: symbol(s) not found for architecture x86_64
clang: error: linker command failed with exit code 1 (use -v to see invocation)
configure:12882: $? = 1
configure: failed program was:
| /* confdefs.h */
| #define PACKAGE_NAME "libressl"
| #define PACKAGE_TARNAME "libressl"
| #define PACKAGE_VERSION "2.2.7"
| #define PACKAGE_STRING "libressl 2.2.7"
| #define PACKAGE_BUGREPORT ""
| #define PACKAGE_URL ""
| #define PACKAGE "libressl"
| #define VERSION "2.2.7"
| #define STDC_HEADERS 1
| #define HAVE_SYS_TYPES_H 1
| #define HAVE_SYS_STAT_H 1
| #define HAVE_STDLIB_H 1
| #define HAVE_STRING_H 1
| #define HAVE_MEMORY_H 1
| #define HAVE_STRINGS_H 1
| #define HAVE_INTTYPES_H 1
| #define HAVE_STDINT_H 1
| #define HAVE_UNISTD_H 1
| #define HAVE_DLFCN_H 1
| #define LT_OBJDIR ".libs/"
| #define HAVE_SYMLINK 1
| #define HAVE_ASPRINTF 1
| #define HAVE_INET_PTON 1
| #define HAVE_MEMMEM 1
| #define HAVE_POLL 1
| #define HAVE_STRLCAT 1
| #define HAVE_STRLCPY 1
| #define HAVE_STRNDUP 1
| #define HAVE_STRNLEN 1
| #define HAVE_STRSEP 1
| #define HAVE_ARC4RANDOM_BUF 1
| /* end confdefs.h.  */
| /* Define clock_gettime to an innocuous variant, in case <limits.h> declares clock_gettime.
|    For example, HP-UX 11i <limits.h> declares gettimeofday.  */
| #define clock_gettime innocuous_clock_gettime
| 
| /* System header to define __stub macros and hopefully few prototypes,
|     which can conflict with char clock_gettime (); below.
|     Prefer <limits.h> to <assert.h> if __STDC__ is defined, since
|     <limits.h> exists even on freestanding compilers.  */
| 
| #ifdef __STDC__
| # include <limits.h>
| #else
| # include <assert.h>
| #endif
| 
| #undef clock_gettime
| 
| /* Override any GCC internal prototype to avoid an error.
|    Use char because int might match the return type of a GCC
|    builtin and then its argument prototype would still apply.  */
| #ifdef __cplusplus
| extern "C"
| #endif
| char clock_gettime ();
| /* The GNU C library defines this for functions which it implements
|     to always fail with ENOSYS.  Some functions are actually named
|     something starting with __ and the normal name is an alias.  */
| #if defined __stub_clock_gettime || defined __stub___clock_gettime
| choke me
| #endif
| 
| int
| main ()
| {
| return clock_gettime ();
|   ;
|   return 0;
| }
configure:12882: result: no
configure:12886: checking for library containing clock_gettime
configure:12917: gcc -o conftest -g -O2 -Wall -std=gnu99 -fno-strict-aliasing  -fno-strict-overflow -D_FORTIFY_SOURCE=2 -fstack-protector-strong  -Qunused-arguments -Wno-pointer-sign    -Qunused-arguments conftest.c  >&5
Undefined symbols for architecture x86_64:
  "_clock_gettime", referenced from:
      _main in conftest-069cec.o
ld: symbol(s) not found for architecture x86_64
clang: error: linker command failed with exit code 1 (use -v to see invocation)
configure:12917: $? = 1
configure: failed program was:
| /* confdefs.h */
| #define PACKAGE_NAME "libressl"
| #define PACKAGE_TARNAME "libressl"
| #define PACKAGE_VERSION "2.2.7"
| #define PACKAGE_STRING "libressl 2.2.7"
| #define PACKAGE_BUGREPORT ""
| #define PACKAGE_URL ""
| #define PACKAGE "libressl"
| #define VERSION "2.2.7"
| #define STDC_HEADERS 1
| #define HAVE_SYS_TYPES_H 1
| #define HAVE_SYS_STAT_H 1
| #define HAVE_STDLIB_H 1
| #define HAVE_STRING_H 1
| #define HAVE_MEMORY_H 1
| #define HAVE_STRINGS_H 1
| #define HAVE_INTTYPES_H 1
| #define HAVE_STDINT_H 1
| #define HAVE_UNISTD_H 1
| #define HAVE_DLFCN_H 1
| #define LT_OBJDIR ".libs/"
| #define HAVE_SYMLINK 1
| #define HAVE_ASPRINTF 1
| #define HAVE_INET_PTON 1
| #define HAVE_MEMMEM 1
| #define HAVE_POLL 1
| #define HAVE_STRLCAT 1
| #define HAVE_STRLCPY 1
| #define HAVE_STRNDUP 1
| #define HAVE_STRNLEN 1
| #define HAVE_STRSEP 1
| #define HAVE_ARC4RANDOM_BUF 1
| /* end confdefs.h.  */
| 
| /* Override any GCC internal prototype to avoid an error.
|    Use char because int might match the return type of a GCC
|    builtin and then its argument prototype would still apply.  */
| #ifdef __cplusplus
| extern "C"
| #endif
| char clock_gettime ();
| int
| main ()
| {
| return clock_gettime ();
|   ;
|   return 0;
| }
configure:12917: gcc -o conftest -g -O2 -Wall -std=gnu99 -fno-strict-aliasing  -fno-strict-overflow -D_FORTIFY_SOURCE=2 -fstack-protector-strong  -Qunused-arguments -Wno-pointer-sign    -Qunused-arguments conftest.c -lrt   >&5
ld: library not found for -lrt
clang: error: linker command failed with exit code 1 (use -v to see invocation)
configure:12917: $? = 1
configure: failed program was:
| /* confdefs.h */
| #define PACKAGE_NAME "libressl"
| #define PACKAGE_TARNAME "libressl"
| #define PACKAGE_VERSION "2.2.7"
| #define PACKAGE_STRING "libressl 2.2.7"
| #define PACKAGE_BUGREPORT ""
| #define PACKAGE_URL ""
| #define PACKAGE "libressl"
| #define VERSION "2.2.7"
| #define STDC_HEADERS 1
| #define HAVE_SYS_TYPES_H 1
| #define HAVE_SYS_STAT_H 1
| #define HAVE_STDLIB_H 1
| #define HAVE_STRING_H 1
| #define HAVE_MEMORY_H 1
| #define HAVE_STRINGS_H 1
| #define HAVE_INTTYPES_H 1
| #define HAVE_STDINT_H 1
| #define HAVE_UNISTD_H 1
| #define HAVE_DLFCN_H 1
| #define LT_OBJDIR ".libs/"
| #define HAVE_SYMLINK 1
| #define HAVE_ASPRINTF 1
| #define HAVE_INET_PTON 1
| #define HAVE_MEMMEM 1
| #define HAVE_POLL 1
| #define HAVE_STRLCAT 1
| #define HAVE_STRLCPY 1
| #define HAVE_STRNDUP 1
| #define HAVE_STRNLEN 1
| #define HAVE_STRSEP 1
| #define HAVE_ARC4RANDOM_BUF 1
| /* end confdefs.h.  */
| 
| /* Override any GCC internal prototype to avoid an error.
|    Use char because int might match the return type of a GCC
|    builtin and then its argument prototype would still apply.  */
| #ifdef __cplusplus
| extern "C"
| #endif
| char clock_gettime ();
| int
| main ()
| {
| return clock_gettime ();
|   ;
|   return 0;
| }
configure:12917: gcc -o conftest -g -O2 -Wall -std=gnu99 -fno-strict-aliasing  -fno-strict-overflow -D_FORTIFY_SOURCE=2 -fstack-protector-strong  -Qunused-arguments -Wno-pointer-sign    -Qunused-arguments conftest.c -lposix4   >&5
ld: library not found for -lposix4
clang: error: linker command failed with exit code 1 (use -v to see invocation)
configure:12917: $? = 1
configure: failed program was:
| /* confdefs.h */
| #define PACKAGE_NAME "libressl"
| #define PACKAGE_TARNAME "libressl"
| #define PACKAGE_VERSION "2.2.7"
| #define PACKAGE_STRING "libressl 2.2.7"
| #define PACKAGE_BUGREPORT ""
| #define PACKAGE_URL ""
| #define PACKAGE "libressl"
| #define VERSION "2.2.7"
| #define STDC_HEADERS 1
| #define HAVE_SYS_TYPES_H 1
| #define HAVE_SYS_STAT_H 1
| #define HAVE_STDLIB_H 1
| #define HAVE_STRING_H 1
| #define HAVE_MEMORY_H 1
| #define HAVE_STRINGS_H 1
| #define HAVE_INTTYPES_H 1
| #define HAVE_STDINT_H 1
| #define HAVE_UNISTD_H 1
| #define HAVE_DLFCN_H 1
| #define LT_OBJDIR ".libs/"
| #define HAVE_SYMLINK 1
| #define HAVE_ASPRINTF 1
| #define HAVE_INET_PTON 1
| #define HAVE_MEMMEM 1
| #define HAVE_POLL 1
| #define HAVE_STRLCAT 1
| #define HAVE_STRLCPY 1
| #define HAVE_STRNDUP 1
| #define HAVE_STRNLEN 1
| #define HAVE_STRSEP 1
| #define HAVE_ARC4RANDOM_BUF 1
| /* end confdefs.h.  */
| 
| /* Override any GCC internal prototype to avoid an error.
|    Use char because int might match the return type of a GCC
|    builtin and then its argument prototype would still apply.  */
| #ifdef __cplusplus
| extern "C"
| #endif
| char clock_gettime ();
| int
| main ()
| {
| return clock_gettime ();
|   ;
|   return 0;
| }
configure:12934: result: no
configure:12944: checking for dl_iterate_phdr
configure:12944: gcc -o conftest -g -O2 -Wall -std=gnu99 -fno-strict-aliasing  -fno-strict-overflow -D_FORTIFY_SOURCE=2 -fstack-protector-strong  -Qunused-arguments -Wno-pointer-sign    -Qunused-arguments conftest.c  >&5
Undefined symbols for architecture x86_64:
  "_dl_iterate_phdr", referenced from:
      _main in conftest-ff04ad.o
ld: symbol(s) not found for architecture x86_64
clang: error: linker command failed with exit code 1 (use -v to see invocation)
configure:12944: $? = 1
configure: failed program was:
| /* confdefs.h */
| #define PACKAGE_NAME "libressl"
| #define PACKAGE_TARNAME "libressl"
| #define PACKAGE_VERSION "2.2.7"
| #define PACKAGE_STRING "libressl 2.2.7"
| #define PACKAGE_BUGREPORT ""
| #define PACKAGE_URL ""
| #define PACKAGE "libressl"
| #define VERSION "2.2.7"
| #define STDC_HEADERS 1
| #define HAVE_SYS_TYPES_H 1
| #define HAVE_SYS_STAT_H 1
| #define HAVE_STDLIB_H 1
| #define HAVE_STRING_H 1
| #define HAVE_MEMORY_H 1
| #define HAVE_STRINGS_H 1
| #define HAVE_INTTYPES_H 1
| #define HAVE_STDINT_H 1
| #define HAVE_UNISTD_H 1
| #define HAVE_DLFCN_H 1
| #define LT_OBJDIR ".libs/"
| #define HAVE_SYMLINK 1
| #define HAVE_ASPRINTF 1
| #define HAVE_INET_PTON 1
| #define HAVE_MEMMEM 1
| #define HAVE_POLL 1
| #define HAVE_STRLCAT 1
| #define HAVE_STRLCPY 1
| #define HAVE_STRNDUP 1
| #define HAVE_STRNLEN 1
| #define HAVE_STRSEP 1
| #define HAVE_ARC4RANDOM_BUF 1
| /* end confdefs.h.  */
| /* Define dl_iterate_phdr to an innocuous variant, in case <limits.h> declares dl_iterate_phdr.
|    For example, HP-UX 11i <limits.h> declares gettimeofday.  */
| #define dl_iterate_phdr innocuous_dl_iterate_phdr
| 
| /* System header to define __stub macros and hopefully few prototypes,
|     which can conflict with char dl_iterate_phdr (); below.
|     Prefer <limits.h> to <assert.h> if __STDC__ is defined, since
|     <limits.h> exists even on freestanding compilers.  */
| 
| #ifdef __STDC__
| # include <limits.h>
| #else
| # include <assert.h>
| #endif
| 
| #undef dl_iterate_phdr
| 
| /* Override any GCC internal prototype to avoid an error.
|    Use char because int might match the return type of a GCC
|    builtin and then its argument prototype would still apply.  */
| #ifdef __cplusplus
| extern "C"
| #endif
| char dl_iterate_phdr ();
| /* The GNU C library defines this for functions which it implements
|     to always fail with ENOSYS.  Some functions are actually named
|     something starting with __ and the normal name is an alias.  */
| #if defined __stub_dl_iterate_phdr || defined __stub___dl_iterate_phdr
| choke me
| #endif
| 
| int
| main ()
| {
| return dl_iterate_phdr ();
|   ;
|   return 0;
| }
configure:12944: result: no
configure:12948: checking for library containing dl_iterate_phdr
configure:12979: gcc -o conftest -g -O2 -Wall -std=gnu99 -fno-strict-aliasing  -fno-strict-overflow -D_FORTIFY_SOURCE=2 -fstack-protector-strong  -Qunused-arguments -Wno-pointer-sign    -Qunused-arguments conftest.c  >&5
Undefined symbols for architecture x86_64:
  "_dl_iterate_phdr", referenced from:
      _main in conftest-6d2b66.o
ld: symbol(s) not found for architecture x86_64
clang: error: linker command failed with exit code 1 (use -v to see invocation)
configure:12979: $? = 1
configure: failed program was:
| /* confdefs.h */
| #define PACKAGE_NAME "libressl"
| #define PACKAGE_TARNAME "libressl"
| #define PACKAGE_VERSION "2.2.7"
| #define PACKAGE_STRING "libressl 2.2.7"
| #define PACKAGE_BUGREPORT ""
| #define PACKAGE_URL ""
| #define PACKAGE "libressl"
| #define VERSION "2.2.7"
| #define STDC_HEADERS 1
| #define HAVE_SYS_TYPES_H 1
| #define HAVE_SYS_STAT_H 1
| #define HAVE_STDLIB_H 1
| #define HAVE_STRING_H 1
| #define HAVE_MEMORY_H 1
| #define HAVE_STRINGS_H 1
| #define HAVE_INTTYPES_H 1
| #define HAVE_STDINT_H 1
| #define HAVE_UNISTD_H 1
| #define HAVE_DLFCN_H 1
| #define LT_OBJDIR ".libs/"
| #define HAVE_SYMLINK 1
| #define HAVE_ASPRINTF 1
| #define HAVE_INET_PTON 1
| #define HAVE_MEMMEM 1
| #define HAVE_POLL 1
| #define HAVE_STRLCAT 1
| #define HAVE_STRLCPY 1
| #define HAVE_STRNDUP 1
| #define HAVE_STRNLEN 1
| #define HAVE_STRSEP 1
| #define HAVE_ARC4RANDOM_BUF 1
| /* end confdefs.h.  */
| 
| /* Override any GCC internal prototype to avoid an error.
|    Use char because int might match the return type of a GCC
|    builtin and then its argument prototype would still apply.  */
| #ifdef __cplusplus
| extern "C"
| #endif
| char dl_iterate_phdr ();
| int
| main ()
| {
| return dl_iterate_phdr ();
|   ;
|   return 0;
| }
configure:12979: gcc -o conftest -g -O2 -Wall -std=gnu99 -fno-strict-aliasing  -fno-strict-overflow -D_FORTIFY_SOURCE=2 -fstack-protector-strong  -Qunused-arguments -Wno-pointer-sign    -Qunused-arguments conftest.c -ldl   >&5
Undefined symbols for architecture x86_64:
  "_dl_iterate_phdr", referenced from:
      _main in conftest-2420f4.o
ld: symbol(s) not found for architecture x86_64
clang: error: linker command failed with exit code 1 (use -v to see invocation)
configure:12979: $? = 1
configure: failed program was:
| /* confdefs.h */
| #define PACKAGE_NAME "libressl"
| #define PACKAGE_TARNAME "libressl"
| #define PACKAGE_VERSION "2.2.7"
| #define PACKAGE_STRING "libressl 2.2.7"
| #define PACKAGE_BUGREPORT ""
| #define PACKAGE_URL ""
| #define PACKAGE "libressl"
| #define VERSION "2.2.7"
| #define STDC_HEADERS 1
| #define HAVE_SYS_TYPES_H 1
| #define HAVE_SYS_STAT_H 1
| #define HAVE_STDLIB_H 1
| #define HAVE_STRING_H 1
| #define HAVE_MEMORY_H 1
| #define HAVE_STRINGS_H 1
| #define HAVE_INTTYPES_H 1
| #define HAVE_STDINT_H 1
| #define HAVE_UNISTD_H 1
| #define HAVE_DLFCN_H 1
| #define LT_OBJDIR ".libs/"
| #define HAVE_SYMLINK 1
| #define HAVE_ASPRINTF 1
| #define HAVE_INET_PTON 1
| #define HAVE_MEMMEM 1
| #define HAVE_POLL 1
| #define HAVE_STRLCAT 1
| #define HAVE_STRLCPY 1
| #define HAVE_STRNDUP 1
| #define HAVE_STRNLEN 1
| #define HAVE_STRSEP 1
| #define HAVE_ARC4RANDOM_BUF 1
| /* end confdefs.h.  */
| 
| /* Override any GCC internal prototype to avoid an error.
|    Use char because int might match the return type of a GCC
|    builtin and then its argument prototype would still apply.  */
| #ifdef __cplusplus
| extern "C"
| #endif
| char dl_iterate_phdr ();
| int
| main ()
| {
| return dl_iterate_phdr ();
|   ;
|   return 0;
| }
configure:12996: result: no
configure:13008: checking whether va_copy exists
configure:13028: gcc -o conftest -g -O2 -Wall -std=gnu99 -fno-strict-aliasing  -fno-strict-overflow -D_FORTIFY_SOURCE=2 -fstack-protector-strong  -Qunused-arguments -Wno-pointer-sign    -Qunused-arguments conftest.c  >&5
configure:13028: $? = 0
configure:13038: result: yes
configure:13046: checking whether __va_copy exists
configure:13066: gcc -o conftest -g -O2 -Wall -std=gnu99 -fno-strict-aliasing  -fno-strict-overflow -D_FORTIFY_SOURCE=2 -fstack-protector-strong  -Qunused-arguments -Wno-pointer-sign    -Qunused-arguments conftest.c  >&5
configure:13066: $? = 0
configure:13076: result: yes
configure:13087: checking err.h usability
configure:13087: gcc -c -g -O2 -Wall -std=gnu99 -fno-strict-aliasing  -fno-strict-overflow -D_FORTIFY_SOURCE=2 -fstack-protector-strong  -Qunused-arguments -Wno-pointer-sign  conftest.c >&5
configure:13087: $? = 0
configure:13087: result: yes
configure:13087: checking err.h presence
configure:13087: gcc -E  conftest.c
configure:13087: $? = 0
configure:13087: result: yes
configure:13087: checking for err.h
configure:13087: result: yes
configure:13132: checking if BSWAP4 builds without __STRICT_ALIGNMENT
configure:13145: gcc -c -g -O2 -Wall -std=gnu99 -fno-strict-aliasing  -fno-strict-overflow -D_FORTIFY_SOURCE=2 -fstack-protector-strong  -Qunused-arguments -Wno-pointer-sign -I./include  conftest.c >&5
configure:13145: $? = 0
configure:13146: result: yes
configure:13170: checking if .gnu.warning accepts long strings
configure:13180: gcc -o conftest -g -O2 -Wall -std=gnu99 -fno-strict-aliasing  -fno-strict-overflow -D_FORTIFY_SOURCE=2 -fstack-protector-strong  -Qunused-arguments -Wno-pointer-sign    -Qunused-arguments conftest.c  >&5
<inline asm>:1:35: error: unexpected token in '.section' directive
.section .gnu.warning.SSLv3_method; .ascii "SSLv3_method is insecure" ; .text
                                  ^
1 error generated.
configure:13180: $? = 1
configure: failed program was:
| /* confdefs.h */
| #define PACKAGE_NAME "libressl"
| #define PACKAGE_TARNAME "libressl"
| #define PACKAGE_VERSION "2.2.7"
| #define PACKAGE_STRING "libressl 2.2.7"
| #define PACKAGE_BUGREPORT ""
| #define PACKAGE_URL ""
| #define PACKAGE "libressl"
| #define VERSION "2.2.7"
| #define STDC_HEADERS 1
| #define HAVE_SYS_TYPES_H 1
| #define HAVE_SYS_STAT_H 1
| #define HAVE_STDLIB_H 1
| #define HAVE_STRING_H 1
| #define HAVE_MEMORY_H 1
| #define HAVE_STRINGS_H 1
| #define HAVE_INTTYPES_H 1
| #define HAVE_STDINT_H 1
| #define HAVE_UNISTD_H 1
| #define HAVE_DLFCN_H 1
| #define LT_OBJDIR ".libs/"
| #define HAVE_SYMLINK 1
| #define HAVE_ASPRINTF 1
| #define HAVE_INET_PTON 1
| #define HAVE_MEMMEM 1
| #define HAVE_POLL 1
| #define HAVE_STRLCAT 1
| #define HAVE_STRLCPY 1
| #define HAVE_STRNDUP 1
| #define HAVE_STRNLEN 1
| #define HAVE_STRSEP 1
| #define HAVE_ARC4RANDOM_BUF 1
| #define HAVE_VA_COPY 1
| #define HAVE___VA_COPY 1
| #define HAVE_ERR_H 1
| /* end confdefs.h.  */
| 
| extern void SSLv3_method();
| __asm__(".section .gnu.warning.SSLv3_method; .ascii \"SSLv3_method is insecure\" ; .text");
| int main() {return 0;}
| 
configure:13190: result: no
configure:13377: checking that generated files are newer than configure
configure:13383: result: done
configure:13538: creating ./config.status

## ---------------- ##
## Cache variables. ##
## ---------------- ##

ac_cv_build=x86_64-apple-darwin15.6.0
ac_cv_c_compiler_gnu=yes
ac_cv_env_CCASFLAGS_set=
ac_cv_env_CCASFLAGS_value=
ac_cv_env_CCAS_set=
ac_cv_env_CCAS_value=
ac_cv_env_CC_set=
ac_cv_env_CC_value=
ac_cv_env_CFLAGS_set=
ac_cv_env_CFLAGS_value=
ac_cv_env_CPPFLAGS_set=
ac_cv_env_CPPFLAGS_value=
ac_cv_env_CPP_set=
ac_cv_env_CPP_value=
ac_cv_env_LDFLAGS_set=
ac_cv_env_LDFLAGS_value=
ac_cv_env_LIBS_set=
ac_cv_env_LIBS_value=
ac_cv_env_build_alias_set=
ac_cv_env_build_alias_value=
ac_cv_env_host_alias_set=
ac_cv_env_host_alias_value=
ac_cv_env_target_alias_set=
ac_cv_env_target_alias_value=
ac_cv_func_arc4random_buf=yes
ac_cv_func_asprintf=yes
ac_cv_func_clock_gettime=no
ac_cv_func_dl_iterate_phdr=no
ac_cv_func_explicit_bzero=no
ac_cv_func_funopen=yes
ac_cv_func_getauxval=no
ac_cv_func_getentropy=no
ac_cv_func_inet_pton=yes
ac_cv_func_memmem=yes
ac_cv_func_poll=yes
ac_cv_func_reallocarray=no
ac_cv_func_strlcat=yes
ac_cv_func_strlcpy=yes
ac_cv_func_strndup=yes
ac_cv_func_strnlen=yes
ac_cv_func_strsep=yes
ac_cv_func_strtonum=no
ac_cv_func_symlink=yes
ac_cv_func_timingsafe_bcmp=no
ac_cv_func_timingsafe_memcmp=no
ac_cv_have___va_copy=yes
ac_cv_have_va_copy=yes
ac_cv_header_dlfcn_h=yes
ac_cv_header_err_h=yes
ac_cv_header_inttypes_h=yes
ac_cv_header_memory_h=yes
ac_cv_header_stdc=yes
ac_cv_header_stdint_h=yes
ac_cv_header_stdlib_h=yes
ac_cv_header_string_h=yes
ac_cv_header_strings_h=yes
ac_cv_header_sys_stat_h=yes
ac_cv_header_sys_types_h=yes
ac_cv_header_unistd_h=yes
ac_cv_host=x86_64-apple-darwin15.6.0
ac_cv_objext=o
ac_cv_path_EGREP='/usr/bin/grep -E'
ac_cv_path_FGREP='/usr/bin/grep -F'
ac_cv_path_GREP=/usr/bin/grep
ac_cv_path_SED=/usr/bin/sed
ac_cv_path_install='/usr/bin/install -c'
ac_cv_prog_AWK=awk
ac_cv_prog_CPP='gcc -E'
ac_cv_prog_ac_ct_AR=ar
ac_cv_prog_ac_ct_CC=gcc
ac_cv_prog_ac_ct_DSYMUTIL=dsymutil
ac_cv_prog_ac_ct_LIPO=lipo
ac_cv_prog_ac_ct_NMEDIT=nmedit
ac_cv_prog_ac_ct_OTOOL=otool
ac_cv_prog_ac_ct_RANLIB=ranlib
ac_cv_prog_ac_ct_STRIP=strip
ac_cv_prog_cc_c89=
ac_cv_prog_cc_c99=
ac_cv_prog_cc_g=yes
ac_cv_prog_cc_stdc=
ac_cv_prog_make_make_set=yes
ac_cv_search_clock_gettime=no
ac_cv_search_dl_iterate_phdr=no
am_cv_CCAS_dependencies_compiler_type=gcc3
am_cv_CC_dependencies_compiler_type=gcc3
am_cv_make_support_nested_variables=yes
am_cv_prog_cc_c_o=yes
lt_cv_apple_cc_single_mod=yes
lt_cv_ar_at_file=no
lt_cv_deplibs_check_method=pass_all
lt_cv_file_magic_cmd='$MAGIC_CMD'
lt_cv_file_magic_test_file=
lt_cv_ld_exported_symbols_list=yes
lt_cv_ld_force_load=yes
lt_cv_ld_reload_flag=-r
lt_cv_nm_interface='BSD nm'
lt_cv_objdir=.libs
lt_cv_path_LD=/Applications/Xcode.app/Contents/Developer/Toolchains/XcodeDefault.xctoolchain/usr/bin/ld
lt_cv_path_NM='/usr/bin/nm -B'
lt_cv_path_mainfest_tool=no
lt_cv_prog_compiler_c_o=yes
lt_cv_prog_compiler_pic='-fno-common -DPIC'
lt_cv_prog_compiler_pic_works=yes
lt_cv_prog_compiler_rtti_exceptions=yes
lt_cv_prog_compiler_static_works=no
lt_cv_prog_gnu_ld=no
lt_cv_sharedlib_from_linklib_cmd='printf %s\n'
lt_cv_sys_global_symbol_pipe='sed -n -e '\''s/^.*[	 ]\([BCDEGRST][BCDEGRST]*\)[	 ][	 ]*_\([_A-Za-z][_A-Za-z0-9]*\)$/\1 _\2 \2/p'\'' | sed '\''/ __gnu_lto/d'\'''
lt_cv_sys_global_symbol_to_c_name_address='sed -n -e '\''s/^: \([^ ]*\)[ ]*$/  {\"\1\", (void *) 0},/p'\'' -e '\''s/^[BCDEGRST]* \([^ ]*\) \([^ ]*\)$/  {"\2", (void *) \&\2},/p'\'''
lt_cv_sys_global_symbol_to_c_name_address_lib_prefix='sed -n -e '\''s/^: \([^ ]*\)[ ]*$/  {\"\1\", (void *) 0},/p'\'' -e '\''s/^[BCDEGRST]* \([^ ]*\) \(lib[^ ]*\)$/  {"\2", (void *) \&\2},/p'\'' -e '\''s/^[BCDEGRST]* \([^ ]*\) \([^ ]*\)$/  {"lib\2", (void *) \&\2},/p'\'''
lt_cv_sys_global_symbol_to_cdecl='sed -n -e '\''s/^T .* \(.*\)$/extern int \1();/p'\'' -e '\''s/^[BCDEGRST]* .* \(.*\)$/extern char \1;/p'\'''
lt_cv_sys_max_cmd_len=196608
lt_cv_to_host_file_cmd=func_convert_file_noop
lt_cv_to_tool_file_cmd=func_convert_file_noop

## ----------------- ##
## Output variables. ##
## ----------------- ##

ACLOCAL='${SHELL} /Users/shuhei/Desktop/h2o-2.0.2/libressl-2.2.7/missing aclocal-1.15'
AMDEPBACKSLASH='\'
AMDEP_FALSE='#'
AMDEP_TRUE=''
AMTAR='$${TAR-tar}'
AM_BACKSLASH='\'
AM_DEFAULT_V='$(AM_DEFAULT_VERBOSITY)'
AM_DEFAULT_VERBOSITY='0'
AM_V='$(V)'
AR='ar'
AUTOCONF='${SHELL} /Users/shuhei/Desktop/h2o-2.0.2/libressl-2.2.7/missing autoconf'
AUTOHEADER='${SHELL} /Users/shuhei/Desktop/h2o-2.0.2/libressl-2.2.7/missing autoheader'
AUTOMAKE='${SHELL} /Users/shuhei/Desktop/h2o-2.0.2/libressl-2.2.7/missing automake-1.15'
AWK='awk'
BUILD_CERTHASH_FALSE='#'
BUILD_CERTHASH_TRUE=''
CC='gcc'
CCAS='gcc'
CCASDEPMODE='depmode=gcc3'
CCASFLAGS='-g -O2 -Wall -std=gnu99 -fno-strict-aliasing  -fno-strict-overflow -D_FORTIFY_SOURCE=2 -fstack-protector-strong '
CCDEPMODE='depmode=gcc3'
CFLAGS='-g -O2 -Wall -std=gnu99 -fno-strict-aliasing  -fno-strict-overflow -D_FORTIFY_SOURCE=2 -fstack-protector-strong  -Qunused-arguments -Wno-pointer-sign'
CPP='gcc -E'
CPPFLAGS=''
CYGPATH_W='echo'
DEFS='-DPACKAGE_NAME=\"libressl\" -DPACKAGE_TARNAME=\"libressl\" -DPACKAGE_VERSION=\"2.2.7\" -DPACKAGE_STRING=\"libressl\ 2.2.7\" -DPACKAGE_BUGREPORT=\"\" -DPACKAGE_URL=\"\" -DPACKAGE=\"libressl\" -DVERSION=\"2.2.7\" -DSTDC_HEADERS=1 -DHAVE_SYS_TYPES_H=1 -DHAVE_SYS_STAT_H=1 -DHAVE_STDLIB_H=1 -DHAVE_STRING_H=1 -DHAVE_MEMORY_H=1 -DHAVE_STRINGS_H=1 -DHAVE_INTTYPES_H=1 -DHAVE_STDINT_H=1 -DHAVE_UNISTD_H=1 -DHAVE_DLFCN_H=1 -DLT_OBJDIR=\".libs/\" -DHAVE_SYMLINK=1 -DHAVE_ASPRINTF=1 -DHAVE_INET_PTON=1 -DHAVE_MEMMEM=1 -DHAVE_POLL=1 -DHAVE_STRLCAT=1 -DHAVE_STRLCPY=1 -DHAVE_STRNDUP=1 -DHAVE_STRNLEN=1 -DHAVE_STRSEP=1 -DHAVE_ARC4RANDOM_BUF=1 -DHAVE_VA_COPY=1 -DHAVE___VA_COPY=1 -DHAVE_ERR_H=1'
DEPDIR='.deps'
DLLTOOL='false'
DSYMUTIL='dsymutil'
DUMPBIN=''
ECHO_C='\c'
ECHO_N=''
ECHO_T=''
EGREP='/usr/bin/grep -E'
ENABLE_EXTRATESTS_FALSE=''
ENABLE_EXTRATESTS_TRUE='#'
EXEEXT=''
FGREP='/usr/bin/grep -F'
GREP='/usr/bin/grep'
HAVE_ARC4RANDOM_BUF_FALSE=''
HAVE_ARC4RANDOM_BUF_TRUE='#'
HAVE_ASPRINTF_FALSE='#'
HAVE_ASPRINTF_TRUE=''
HAVE_EXPLICIT_BZERO_FALSE=''
HAVE_EXPLICIT_BZERO_TRUE='#'
HAVE_GETENTROPY_FALSE=''
HAVE_GETENTROPY_TRUE='#'
HAVE_INET_PTON_FALSE='#'
HAVE_INET_PTON_TRUE=''
HAVE_MEMMEM_FALSE='#'
HAVE_MEMMEM_TRUE=''
HAVE_POLL_FALSE='#'
HAVE_POLL_TRUE=''
HAVE_REALLOCARRAY_FALSE=''
HAVE_REALLOCARRAY_TRUE='#'
HAVE_STRLCAT_FALSE='#'
HAVE_STRLCAT_TRUE=''
HAVE_STRLCPY_FALSE='#'
HAVE_STRLCPY_TRUE=''
HAVE_STRNDUP_FALSE='#'
HAVE_STRNDUP_TRUE=''
HAVE_STRNLEN_FALSE='#'
HAVE_STRNLEN_TRUE=''
HAVE_STRSEP_FALSE='#'
HAVE_STRSEP_TRUE=''
HAVE_STRTONUM_FALSE=''
HAVE_STRTONUM_TRUE='#'
HAVE_TIMINGSAFE_BCMP_FALSE=''
HAVE_TIMINGSAFE_BCMP_TRUE='#'
HAVE_TIMINGSAFE_MEMCMP_FALSE=''
HAVE_TIMINGSAFE_MEMCMP_TRUE='#'
HOST_AIX_FALSE=''
HOST_AIX_TRUE='#'
HOST_ASM_ELF_X86_64_FALSE=''
HOST_ASM_ELF_X86_64_TRUE='#'
HOST_ASM_MACOSX_X86_64_FALSE=''
HOST_ASM_MACOSX_X86_64_TRUE='#'
HOST_CYGWIN_FALSE=''
HOST_CYGWIN_TRUE='#'
HOST_DARWIN_FALSE='#'
HOST_DARWIN_TRUE=''
HOST_FREEBSD_FALSE=''
HOST_FREEBSD_TRUE='#'
HOST_HPUX_FALSE=''
HOST_HPUX_TRUE='#'
HOST_LINUX_FALSE=''
HOST_LINUX_TRUE='#'
HOST_NETBSD_FALSE=''
HOST_NETBSD_TRUE='#'
HOST_SOLARIS_FALSE=''
HOST_SOLARIS_TRUE='#'
HOST_WIN_FALSE=''
HOST_WIN_TRUE='#'
INSTALL_DATA='${INSTALL} -m 644'
INSTALL_PROGRAM='${INSTALL}'
INSTALL_SCRIPT='${INSTALL}'
INSTALL_STRIP_PROGRAM='$(install_sh) -c -s'
LD='/Applications/Xcode.app/Contents/Developer/Toolchains/XcodeDefault.xctoolchain/usr/bin/ld'
LDFLAGS='  -Qunused-arguments'
LIBCRYPTO_VERSION='35:0:0'
LIBOBJS=''
LIBS=''
LIBSSL_VERSION='35:0:0'
LIBTLS_VERSION='6:0:0'
LIBTOOL='$(SHELL) $(top_builddir)/libtool'
LIPO='lipo'
LN_S='ln -s'
LTLIBOBJS=''
MAKEINFO='${SHELL} /Users/shuhei/Desktop/h2o-2.0.2/libressl-2.2.7/missing makeinfo'
MANIFEST_TOOL=':'
MKDIR_P='./install-sh -c -d'
NM='/usr/bin/nm -B'
NMEDIT='nmedit'
OBJDUMP='false'
OBJEXT='o'
OPENSSLDIR=''
OPENSSLDIR_DEFINED_FALSE=''
OPENSSLDIR_DEFINED_TRUE='#'
OPENSSL_NO_ASM_FALSE='#'
OPENSSL_NO_ASM_TRUE=''
OTOOL64=':'
OTOOL='otool'
PACKAGE='libressl'
PACKAGE_BUGREPORT=''
PACKAGE_NAME='libressl'
PACKAGE_STRING='libressl 2.2.7'
PACKAGE_TARNAME='libressl'
PACKAGE_URL=''
PACKAGE_VERSION='2.2.7'
PATH_SEPARATOR=':'
PLATFORM_LDADD=''
PROG_LDADD=''
RANLIB='ranlib'
SED='/usr/bin/sed'
SET_MAKE=''
SHELL='/bin/sh'
STRIP='strip'
VERSION='2.2.7'
ac_ct_AR='ar'
ac_ct_CC='gcc'
ac_ct_DUMPBIN=''
am__EXEEXT_FALSE=''
am__EXEEXT_TRUE='#'
am__fastdepCCAS_FALSE='#'
am__fastdepCCAS_TRUE=''
am__fastdepCC_FALSE='#'
am__fastdepCC_TRUE=''
am__include='include'
am__isrc=''
am__leading_dot='.'
am__nodep='_no'
am__quote=''
am__tar='$${TAR-tar} chof - "$$tardir"'
am__untar='$${TAR-tar} xf -'
bindir='${exec_prefix}/bin'
build='x86_64-apple-darwin15.6.0'
build_alias=''
build_cpu='x86_64'
build_os='darwin15.6.0'
build_vendor='apple'
datadir='${datarootdir}'
datarootdir='${prefix}/share'
docdir='${datarootdir}/doc/${PACKAGE_TARNAME}'
dvidir='${docdir}'
exec_prefix='${prefix}'
host='x86_64-apple-darwin15.6.0'
host_alias=''
host_cpu='x86_64'
host_os='darwin15.6.0'
host_vendor='apple'
htmldir='${docdir}'
includedir='${prefix}/include'
infodir='${datarootdir}/info'
install_sh='${SHELL} /Users/shuhei/Desktop/h2o-2.0.2/libressl-2.2.7/install-sh'
libdir='/Users/shuhei/Desktop/h2o-2.0.2/libressl-build/lib'
libexecdir='${exec_prefix}/libexec'
localedir='${datarootdir}/locale'
localstatedir='${prefix}/var'
mandir='${datarootdir}/man'
mkdir_p='$(MKDIR_P)'
oldincludedir='/usr/include'
pdfdir='${docdir}'
prefix='/Users/shuhei/Desktop/h2o-2.0.2/libressl-build'
program_transform_name='s,x,x,'
psdir='${docdir}'
sbindir='${exec_prefix}/sbin'
sharedstatedir='${prefix}/com'
sysconfdir='${prefix}/etc'
target_alias=''

## ----------- ##
## confdefs.h. ##
## ----------- ##

/* confdefs.h */
#define PACKAGE_NAME "libressl"
#define PACKAGE_TARNAME "libressl"
#define PACKAGE_VERSION "2.2.7"
#define PACKAGE_STRING "libressl 2.2.7"
#define PACKAGE_BUGREPORT ""
#define PACKAGE_URL ""
#define PACKAGE "libressl"
#define VERSION "2.2.7"
#define STDC_HEADERS 1
#define HAVE_SYS_TYPES_H 1
#define HAVE_SYS_STAT_H 1
#define HAVE_STDLIB_H 1
#define HAVE_STRING_H 1
#define HAVE_MEMORY_H 1
#define HAVE_STRINGS_H 1
#define HAVE_INTTYPES_H 1
#define HAVE_STDINT_H 1
#define HAVE_UNISTD_H 1
#define HAVE_DLFCN_H 1
#define LT_OBJDIR ".libs/"
#define HAVE_SYMLINK 1
#define HAVE_ASPRINTF 1
#define HAVE_INET_PTON 1
#define HAVE_MEMMEM 1
#define HAVE_POLL 1
#define HAVE_STRLCAT 1
#define HAVE_STRLCPY 1
#define HAVE_STRNDUP 1
#define HAVE_STRNLEN 1
#define HAVE_STRSEP 1
#define HAVE_ARC4RANDOM_BUF 1
#define HAVE_VA_COPY 1
#define HAVE___VA_COPY 1
#define HAVE_ERR_H 1

configure: exit 0

## ---------------------- ##
## Running config.status. ##
## ---------------------- ##

This file was extended by libressl config.status 2.2.7, which was
generated by GNU Autoconf 2.69.  Invocation command line was

  CONFIG_FILES    = 
  CONFIG_HEADERS  = 
  CONFIG_LINKS    = 
  CONFIG_COMMANDS = 
  $ ./config.status 

on ymmtushi.local

config.status:1087: creating Makefile
config.status:1087: creating include/Makefile
config.status:1087: creating include/openssl/Makefile
config.status:1087: creating crypto/Makefile
config.status:1087: creating ssl/Makefile
config.status:1087: creating tls/Makefile
config.status:1087: creating tests/Makefile
config.status:1087: creating apps/Makefile
config.status:1087: creating man/Makefile
config.status:1087: creating libcrypto.pc
config.status:1087: creating libssl.pc
config.status:1087: creating libtls.pc
config.status:1087: creating openssl.pc
config.status:1259: executing depfiles commands
config.status:1259: executing libtool commands
